Drill report for /home/t126401/trabajo/ESP32/proyectos/iotCronotempLcd/kicad/iotCronotempLcd/iotCronotempLcd.kicad_pcb
Created on mar 19 ene 2021 23:03:28

Copper Layer Stackup:
    =============================================================
    L1 :  F.Cu                      front
    L2 :  B.Cu                      back


Drill file 'iotCronotempLcd-PTH.drl' contains
    plated through holes:
    =============================================================
    T1  0,76mm  0,030"  (4 holes)
    T2  0,80mm  0,031"  (9 holes)  (with 3 slots)
    T3  0,80mm  0,032"  (5 holes)
    T4  0,90mm  0,035"  (2 holes)
    T5  1,00mm  0,039"  (22 holes)
    T6  1,10mm  0,043"  (4 holes)
    T7  1,30mm  0,051"  (2 holes)
    T8  1,50mm  0,059"  (2 holes)
    T9  4,00mm  0,157"  (8 holes)
    T10  5,00mm  0,197"  (1 hole)

    Total plated holes count 59


Drill file 'iotCronotempLcd-NPTH.drl' contains
    unplated through holes:
    =============================================================

    Total unplated holes count 0
